SF:lib\src\types\museum\artwork.dart
DA:24,1
DA:43,1
DA:44,1
DA:46,0
DA:48,1
DA:49,4
DA:51,0
DA:52,0
LF:8
LH:5
end_of_record
SF:lib\src\types\museum\artwork.g.dart
DA:9,2
DA:10,1
DA:11,1
DA:12,1
DA:13,1
DA:14,1
DA:15,1
DA:16,1
DA:17,1
DA:18,1
DA:19,1
DA:20,1
DA:21,1
DA:22,1
DA:23,1
DA:24,2
DA:25,2
DA:28,0
DA:29,0
DA:30,0
DA:31,0
DA:32,0
DA:33,0
DA:34,0
DA:35,0
DA:36,0
DA:37,0
DA:38,0
DA:39,0
DA:40,0
DA:41,0
DA:42,0
DA:43,0
DA:44,0
LF:34
LH:17
end_of_record
SF:lib\src\exceptions\nookipedia_exception.dart
DA:5,0
LF:1
LH:0
end_of_record
SF:lib\src\types\events\event.dart
DA:12,1
DA:19,1
DA:20,1
DA:22,0
DA:24,1
DA:26,1
DA:27,3
DA:28,3
DA:30,0
DA:31,0
LF:10
LH:7
end_of_record
SF:lib\src\types\events\event.g.dart
DA:9,1
DA:10,1
DA:11,1
DA:12,2
DA:13,1
DA:14,1
DA:17,0
DA:19,0
DA:20,0
DA:21,0
DA:22,0
DA:23,0
LF:12
LH:6
end_of_record
SF:lib\src\services\implementations\api_service.dart
DA:11,10
DA:17,10
DA:18,20
DA:21,4
DA:24,10
DA:26,30
DA:27,10
DA:28,10
DA:29,10
DA:31,20
DA:34,10
DA:40,10
DA:42,10
DA:43,20
DA:44,0
DA:45,0
DA:46,0
DA:47,0
DA:50,10
DA:53,8
DA:55,8
DA:56,16
DA:57,0
DA:58,0
DA:59,0
DA:60,0
DA:63,8
LF:27
LH:19
end_of_record
SF:lib\src\types\nookipedia_error.dart
DA:9,0
DA:14,0
DA:15,0
DA:17,0
LF:4
LH:0
end_of_record
SF:lib\src\types\nookipedia_error.g.dart
DA:9,0
DA:10,0
DA:11,0
DA:12,0
DA:15,0
DA:16,0
DA:17,0
DA:18,0
LF:8
LH:0
end_of_record
SF:lib\src\services\implementations\artwork_service.dart
DA:7,1
DA:13,1
DA:16,1
DA:20,2
DA:21,4
DA:24,1
DA:27,1
DA:32,2
DA:33,1
DA:36,1
DA:41,1
DA:44,3
DA:45,1
DA:46,1
LF:14
LH:14
end_of_record
SF:lib\src\services\implementations\clothing_service.dart
DA:10,1
DA:16,0
DA:22,0
DA:26,0
DA:27,0
DA:30,1
DA:36,1
DA:41,2
DA:42,1
DA:45,1
DA:47,1
DA:50,3
DA:51,1
DA:52,1
LF:14
LH:10
end_of_record
SF:lib\src\types\clothing\clothing.dart
DA:25,1
DA:40,1
DA:41,1
DA:43,0
DA:45,1
DA:46,4
DA:48,0
DA:49,0
LF:8
LH:5
end_of_record
SF:lib\src\types\clothing\clothing.g.dart
DA:9,2
DA:10,1
DA:11,1
DA:12,2
DA:13,1
DA:14,1
DA:15,1
DA:16,1
DA:17,4
DA:18,4
DA:19,1
DA:20,3
DA:21,1
DA:22,1
DA:23,3
DA:24,1
DA:25,1
DA:26,3
DA:27,1
DA:30,0
DA:31,0
DA:32,0
DA:33,0
DA:34,0
DA:35,0
DA:36,0
DA:37,0
DA:38,0
DA:39,0
DA:40,0
DA:41,0
DA:42,0
LF:32
LH:19
end_of_record
SF:lib\src\services\implementations\events_service.dart
DA:7,1
DA:13,1
DA:16,1
DA:22,2
DA:23,4
LF:5
LH:5
end_of_record
SF:lib\src\services\implementations\furniture_service.dart
DA:7,1
DA:13,1
DA:18,1
DA:22,2
DA:23,4
DA:26,1
DA:31,1
DA:36,2
DA:37,1
DA:40,1
DA:42,1
DA:45,3
DA:46,1
DA:47,1
LF:14
LH:14
end_of_record
SF:lib\src\services\implementations\item_service.dart
DA:8,1
DA:14,1
DA:16,1
DA:17,2
DA:18,4
DA:21,1
DA:23,1
DA:24,2
DA:25,1
DA:28,1
DA:30,1
DA:33,3
DA:34,1
DA:35,1
LF:14
LH:14
end_of_record
SF:lib\src\services\implementations\interior_service.dart
DA:7,1
DA:13,1
DA:17,1
DA:18,2
DA:19,4
DA:22,1
DA:26,1
DA:30,2
DA:31,1
DA:34,1
DA:36,1
DA:39,3
DA:40,1
DA:41,1
LF:14
LH:14
end_of_record
SF:lib\src\services\implementations\photo_service.dart
DA:7,1
DA:13,1
DA:15,1
DA:16,2
DA:17,4
DA:20,1
DA:22,1
DA:23,2
DA:24,1
DA:27,1
DA:29,1
DA:32,3
DA:33,1
DA:34,1
LF:14
LH:14
end_of_record
SF:lib\src\services\implementations\recipe_service.dart
DA:8,1
DA:14,1
DA:19,1
DA:23,2
DA:24,4
DA:27,1
DA:32,1
DA:37,2
DA:38,1
DA:41,1
DA:46,1
DA:49,3
DA:50,1
DA:51,1
LF:14
LH:14
end_of_record
SF:lib\src\services\implementations\tool_service.dart
DA:8,1
DA:14,1
DA:16,1
DA:17,2
DA:18,4
DA:21,1
DA:23,1
DA:24,2
DA:25,1
DA:28,1
DA:30,1
DA:33,3
DA:34,1
DA:35,1
LF:14
LH:14
end_of_record
SF:lib\src\services\implementations\villager_service.dart
DA:7,1
DA:13,1
DA:23,1
DA:33,2
DA:34,1
DA:37,1
DA:47,1
DA:56,2
DA:57,4
LF:9
LH:9
end_of_record
SF:lib\src\types\recipes\recipe.dart
DA:20,1
DA:32,2
DA:34,0
DA:36,1
DA:37,4
DA:39,0
DA:40,0
LF:7
LH:4
end_of_record
SF:lib\src\types\recipes\recipe.g.dart
DA:9,2
DA:10,1
DA:11,1
DA:12,1
DA:13,1
DA:14,1
DA:15,1
DA:16,1
DA:17,3
DA:18,1
DA:19,1
DA:20,3
DA:21,1
DA:22,1
DA:23,1
DA:24,1
DA:27,0
DA:28,0
DA:29,0
DA:30,0
DA:31,0
DA:32,0
DA:33,0
DA:34,0
DA:35,0
DA:36,0
LF:26
LH:16
end_of_record
SF:lib\src\types\tools\tool.dart
DA:27,1
DA:43,2
DA:45,0
DA:47,3
DA:49,1
DA:50,4
DA:52,0
DA:53,0
LF:8
LH:5
end_of_record
SF:lib\src\types\tools\tool.g.dart
DA:9,2
DA:10,1
DA:11,1
DA:12,2
DA:13,1
DA:14,1
DA:15,1
DA:16,1
DA:17,1
DA:18,1
DA:19,1
DA:20,1
DA:21,3
DA:22,1
DA:23,1
DA:24,3
DA:25,1
DA:26,1
DA:27,3
DA:28,1
DA:31,0
DA:32,0
DA:33,0
DA:34,0
DA:35,0
DA:36,0
DA:37,0
DA:38,0
DA:39,0
DA:40,0
DA:41,0
DA:42,0
DA:43,0
DA:44,0
LF:34
LH:20
end_of_record
SF:lib\src\types\photos\photo.dart
DA:31,1
DA:50,2
DA:52,0
DA:54,1
DA:55,4
DA:57,0
DA:58,0
LF:7
LH:4
end_of_record
SF:lib\src\types\photos\photo.g.dart
DA:9,2
DA:10,1
DA:11,1
DA:12,2
DA:13,1
DA:14,1
DA:15,1
DA:16,1
DA:17,1
DA:18,1
DA:19,1
DA:20,1
DA:21,2
DA:22,2
DA:23,1
DA:24,3
DA:25,1
DA:26,1
DA:27,1
DA:28,1
DA:29,1
DA:30,3
DA:31,1
DA:34,0
DA:35,0
DA:36,0
DA:37,0
DA:38,0
DA:39,0
DA:40,0
DA:41,0
DA:42,0
DA:43,0
DA:44,0
DA:45,0
DA:46,0
DA:47,0
DA:48,0
DA:49,0
DA:50,0
LF:40
LH:23
end_of_record
SF:lib\src\types\villagers\villager.dart
DA:42,1
DA:66,1
DA:67,1
DA:69,0
DA:71,1
DA:72,4
DA:74,0
DA:75,0
DA:102,0
DA:122,0
DA:123,0
DA:125,0
LF:12
LH:5
end_of_record
SF:lib\src\types\villagers\villager.g.dart
DA:9,2
DA:10,1
DA:11,1
DA:12,1
DA:13,1
DA:14,1
DA:15,1
DA:16,1
DA:17,2
DA:18,2
DA:19,2
DA:20,1
DA:21,1
DA:22,2
DA:23,1
DA:24,1
DA:25,1
DA:26,1
DA:27,1
DA:28,3
DA:29,1
DA:31,0
DA:32,0
DA:33,4
DA:36,0
DA:37,0
DA:38,0
DA:39,0
DA:40,0
DA:41,0
DA:42,0
DA:43,0
DA:44,0
DA:45,0
DA:46,0
DA:47,0
DA:48,0
DA:49,0
DA:50,0
DA:51,0
DA:52,0
DA:53,0
DA:54,0
DA:55,0
DA:56,0
DA:59,0
DA:61,0
DA:65,0
DA:66,0
DA:139,0
DA:140,0
DA:141,0
DA:142,0
DA:143,0
DA:144,0
DA:145,0
DA:146,0
DA:147,0
DA:148,0
DA:149,0
DA:150,0
DA:151,0
DA:152,0
DA:153,0
DA:154,0
DA:155,0
DA:156,0
DA:157,0
DA:160,0
DA:161,0
DA:162,0
DA:163,0
DA:164,0
DA:165,0
DA:166,0
DA:167,0
DA:168,0
DA:169,0
DA:170,0
DA:171,0
DA:172,0
DA:173,0
DA:174,0
DA:175,0
DA:176,0
DA:177,0
DA:178,0
LF:87
LH:22
end_of_record
SF:lib\src\types\clothing\variation.dart
DA:11,1
DA:17,1
DA:18,1
DA:20,0
LF:4
LH:3
end_of_record
SF:lib\src\types\clothing\variation.g.dart
DA:9,1
DA:10,1
DA:11,1
DA:12,1
DA:13,4
DA:16,0
DA:17,0
DA:18,0
DA:19,0
DA:20,0
LF:10
LH:5
end_of_record
SF:lib\src\types\common\availability.dart
DA:10,7
DA:15,7
DA:16,7
DA:18,0
LF:4
LH:3
end_of_record
SF:lib\src\types\common\availability.g.dart
DA:9,14
DA:10,7
DA:11,7
DA:14,0
DA:15,0
DA:16,0
DA:17,0
LF:7
LH:3
end_of_record
SF:lib\src\types\common\price.dart
DA:10,4
DA:15,8
DA:17,0
LF:3
LH:2
end_of_record
SF:lib\src\types\common\price.g.dart
DA:9,8
DA:10,4
DA:11,4
DA:14,0
DA:15,0
DA:16,0
LF:6
LH:3
end_of_record
SF:lib\src\types\furniture\furniture.dart
DA:44,1
DA:77,1
DA:78,1
DA:80,0
DA:82,3
DA:84,1
DA:85,4
DA:87,0
DA:88,0
LF:9
LH:6
end_of_record
SF:lib\src\types\furniture\furniture.g.dart
DA:9,2
DA:10,1
DA:11,1
DA:12,2
DA:13,1
DA:14,1
DA:15,1
DA:16,1
DA:17,1
DA:18,1
DA:19,1
DA:20,1
DA:21,1
DA:22,1
DA:23,1
DA:24,1
DA:25,1
DA:26,1
DA:27,1
DA:28,2
DA:29,1
DA:30,1
DA:31,1
DA:32,1
DA:33,2
DA:34,2
DA:35,4
DA:36,3
DA:37,1
DA:38,3
DA:39,1
DA:40,1
DA:41,3
DA:42,1
DA:43,1
DA:44,3
DA:45,1
DA:48,0
DA:49,0
DA:50,0
DA:51,0
DA:52,0
DA:53,0
DA:54,0
DA:55,0
DA:56,0
DA:57,0
DA:58,0
DA:59,0
DA:60,0
DA:61,0
DA:62,0
DA:63,0
DA:64,0
DA:65,0
DA:66,0
DA:67,0
DA:68,0
DA:69,0
DA:70,0
DA:71,0
DA:72,0
DA:73,0
DA:74,0
DA:75,0
DA:76,0
DA:77,0
DA:78,0
LF:68
LH:37
end_of_record
SF:lib\src\types\furniture\variation.dart
DA:12,1
DA:19,1
DA:20,1
DA:22,0
LF:4
LH:3
end_of_record
SF:lib\src\types\furniture\variation.g.dart
DA:9,1
DA:10,1
DA:11,1
DA:12,1
DA:13,1
DA:14,4
DA:17,0
DA:18,0
DA:19,0
DA:20,0
DA:21,0
DA:22,0
LF:12
LH:6
end_of_record
SF:lib\src\types\interior\interior.dart
DA:33,1
DA:55,1
DA:56,1
DA:58,0
DA:60,1
DA:61,4
DA:63,0
DA:64,0
LF:8
LH:5
end_of_record
SF:lib\src\types\interior\interior.g.dart
DA:9,2
DA:10,1
DA:11,1
DA:12,1
DA:13,2
DA:14,1
DA:15,1
DA:16,1
DA:17,1
DA:18,1
DA:19,1
DA:20,1
DA:21,1
DA:22,1
DA:23,1
DA:24,1
DA:25,4
DA:26,4
DA:27,1
DA:28,3
DA:29,1
DA:30,1
DA:31,3
DA:32,1
DA:35,0
DA:36,0
DA:37,0
DA:38,0
DA:39,0
DA:40,0
DA:41,0
DA:42,0
DA:43,0
DA:44,0
DA:45,0
DA:46,0
DA:47,0
DA:48,0
DA:49,0
DA:50,0
DA:51,0
DA:52,0
DA:53,0
DA:54,0
LF:44
LH:24
end_of_record
SF:lib\src\types\items\item.dart
DA:31,1
DA:53,2
DA:55,0
DA:57,1
DA:58,4
DA:60,0
DA:61,0
LF:7
LH:4
end_of_record
SF:lib\src\types\items\item.g.dart
DA:9,2
DA:10,1
DA:11,1
DA:12,1
DA:13,1
DA:14,1
DA:15,1
DA:16,1
DA:17,1
DA:18,1
DA:19,1
DA:20,1
DA:21,1
DA:22,1
DA:23,1
DA:24,1
DA:25,1
DA:26,1
DA:27,1
DA:28,3
DA:29,1
DA:30,1
DA:31,1
DA:32,1
DA:35,0
DA:36,0
DA:37,0
DA:38,0
DA:39,0
DA:40,0
DA:41,0
DA:42,0
DA:43,0
DA:44,0
DA:45,0
DA:46,0
DA:47,0
DA:48,0
DA:49,0
DA:50,0
DA:51,0
DA:52,0
DA:53,0
DA:54,0
LF:44
LH:24
end_of_record
SF:lib\src\types\photos\variation.dart
DA:11,1
DA:17,1
DA:18,1
DA:20,0
LF:4
LH:3
end_of_record
SF:lib\src\types\photos\variation.g.dart
DA:9,1
DA:10,1
DA:11,1
DA:12,1
DA:13,4
DA:16,0
DA:17,0
DA:18,0
DA:19,0
DA:20,0
LF:10
LH:5
end_of_record
SF:lib\src\types\recipes\material.dart
DA:10,1
DA:15,1
DA:16,1
DA:18,0
LF:4
LH:3
end_of_record
SF:lib\src\types\recipes\material.g.dart
DA:9,2
DA:10,1
DA:11,1
DA:14,0
DA:15,0
DA:16,0
LF:6
LH:3
end_of_record
SF:lib\src\types\tools\variation.dart
DA:10,1
DA:15,1
DA:16,1
DA:18,0
LF:4
LH:3
end_of_record
SF:lib\src\types\tools\variation.g.dart
DA:9,1
DA:10,1
DA:11,1
DA:12,1
DA:15,0
DA:16,0
DA:17,0
DA:18,0
LF:8
LH:4
end_of_record
